2021-03-05T03:30:28.900Z error: Task not found: undoneTask
2021-03-05T09:49:22.421Z error: database connection failed
2021-03-05T09:54:43.473Z error: Task is null: addTask
2021-03-05T09:58:25.306Z error: Task not found: removeTask
2021-03-05T09:58:39.057Z error: id parameter not found: undoneTask
2021-03-05T09:59:31.008Z error: id parameter not found: doneTask
2021-03-07T07:06:25.792Z error: Task is null: addTask
2021-03-07T07:06:26.086Z error: Task not found: doneTask
2021-03-07T07:06:26.221Z error: id parameter not found: doneTask
2021-03-07T07:06:26.614Z error: Task not found: undoneTask
2021-03-07T07:06:26.677Z error: id parameter not found: undoneTask
2021-03-07T07:06:27.033Z error: Task not found: removeTask
2021-03-07T07:06:27.092Z error: id parameter not found: removeTask
2021-03-07T12:55:43.570Z error: Task is null: addTask
2021-03-07T12:55:43.995Z error: Task not found: doneTask
2021-03-07T12:55:44.095Z error: id parameter not found: doneTask
2021-03-07T12:55:44.399Z error: Task not found: undoneTask
2021-03-07T12:55:44.456Z error: id parameter not found: undoneTask
2021-03-07T12:55:44.736Z error: Task not found: removeTask
2021-03-07T12:55:44.844Z error: id parameter not found: removeTask
2021-03-07T13:00:28.221Z error: Task is null: addTask
2021-03-07T13:00:28.519Z error: Task not found: doneTask
2021-03-07T13:00:28.577Z error: id parameter not found: doneTask
2021-03-07T13:00:28.919Z error: Task not found: undoneTask
2021-03-07T13:00:28.980Z error: id parameter not found: undoneTask
2021-03-07T13:00:29.241Z error: Task not found: removeTask
2021-03-07T13:00:29.334Z error: id parameter not found: removeTask
2021-03-07T13:01:22.044Z error: Task is null: addTask
2021-03-07T13:01:22.307Z error: Task not found: doneTask
2021-03-07T13:01:22.363Z error: id parameter not found: doneTask
2021-03-07T13:01:22.623Z error: Task not found: undoneTask
2021-03-07T13:01:22.727Z error: id parameter not found: undoneTask
2021-03-07T13:01:23.047Z error: Task not found: removeTask
2021-03-07T13:01:23.159Z error: id parameter not found: removeTask
2021-03-07T13:02:25.969Z error: Task is null: addTask
2021-03-07T13:02:26.289Z error: Task not found: doneTask
2021-03-07T13:02:26.390Z error: id parameter not found: doneTask
2021-03-07T13:02:27.032Z error: Task not found: undoneTask
2021-03-07T13:02:27.102Z error: id parameter not found: undoneTask
2021-03-07T13:02:27.382Z error: Task not found: removeTask
2021-03-07T13:02:27.476Z error: id parameter not found: removeTask
2021-03-07T13:03:32.915Z error: Task is null: addTask
2021-03-07T13:03:33.123Z error: Task not found: doneTask
2021-03-07T13:03:33.184Z error: id parameter not found: doneTask
2021-03-07T13:03:33.374Z error: Task not found: undoneTask
2021-03-07T13:03:33.453Z error: id parameter not found: undoneTask
2021-03-07T13:03:33.703Z error: Task not found: removeTask
2021-03-07T13:03:33.749Z error: id parameter not found: removeTask
2021-03-07T13:04:21.208Z error: Task is null: addTask
2021-03-07T13:04:21.638Z error: Task not found: doneTask
2021-03-07T13:04:21.771Z error: id parameter not found: doneTask
2021-03-07T13:04:21.972Z error: Task not found: undoneTask
2021-03-07T13:04:22.055Z error: id parameter not found: undoneTask
2021-03-07T13:04:22.259Z error: Task not found: removeTask
2021-03-07T13:04:22.366Z error: id parameter not found: removeTask
2021-03-07T13:06:11.172Z error: Task is null: addTask
2021-03-07T13:06:11.414Z error: Task not found: doneTask
2021-03-07T13:06:11.630Z error: id parameter not found: doneTask
2021-03-07T13:06:11.810Z error: Task not found: undoneTask
2021-03-07T13:06:11.870Z error: id parameter not found: undoneTask
2021-03-07T13:06:12.042Z error: Task not found: removeTask
2021-03-07T13:06:12.116Z error: id parameter not found: removeTask
2021-03-07T13:06:42.798Z error: Task is null: addTask
2021-03-07T13:06:43.103Z error: Task not found: doneTask
2021-03-07T13:06:43.174Z error: id parameter not found: doneTask
2021-03-07T13:06:43.511Z error: Task not found: undoneTask
2021-03-07T13:06:43.611Z error: id parameter not found: undoneTask
2021-03-07T13:06:43.865Z error: Task not found: removeTask
2021-03-07T13:06:43.957Z error: id parameter not found: removeTask
2021-03-07T13:07:33.761Z error: Task is null: addTask
2021-03-07T13:07:34.094Z error: Task not found: doneTask
2021-03-07T13:07:34.221Z error: id parameter not found: doneTask
2021-03-07T13:07:34.609Z error: Task not found: undoneTask
2021-03-07T13:07:34.707Z error: id parameter not found: undoneTask
2021-03-07T13:07:34.993Z error: Task not found: removeTask
2021-03-07T13:07:35.092Z error: id parameter not found: removeTask
